# JRE version: OpenJDK Runtime Environment (17.0.11) (build 17.0.11+0--11852314)
# Java VM: OpenJDK 64-Bit Server VM (17.0.11+0--11852314, mixed mode, tiered, compressed oops, compressed class ptrs, g1 gc, windows-amd64)
GC Precious Log:
 CPUs: 16 total, 16 available
 Memory: 7528M
 Large Page Support: Disabled
 NUMA Support: Disabled
 Compressed Oops: Enabled (Zero based)
 Heap Region Size: 2M
 Heap Min Capacity: 8M
 Heap Initial Capacity: 118M
 Heap Max Capacity: 4G
 Pre-touch: Disabled
 Parallel Workers: 13
 Concurrent Workers: 3
 Concurrent Refinement Workers: 13
 Periodic GC: Disabled
Heap:
 garbage-first heap   total 243712K, used 181246K [0x0000000700000000, 0x0000000800000000)
  region size 2048K, 17 young (34816K), 2 survivors (4096K)
 Metaspace       used 109403K, committed 110272K, reserved 1179648K
  class space    used 14932K, committed 15296K, reserved 1048576K
GC Heap History (20 events):
Event: 21.320 GC heap before
{Heap before GC invocations=36 (full 0):
 garbage-first heap   total 165888K, used 131233K [0x0000000700000000, 0x0000000800000000)
  region size 2048K, 30 young (61440K), 4 survivors (8192K)
 Metaspace       used 92428K, committed 93120K, reserved 1179648K
  class space    used 12648K, committed 12928K, reserved 1048576K
}
Event: 21.330 GC heap after
{Heap after GC invocations=37 (full 0):
 garbage-first heap   total 165888K, used 83254K [0x0000000700000000, 0x0000000800000000)
  region size 2048K, 4 young (8192K), 4 survivors (8192K)
 Metaspace       used 92428K, committed 93120K, reserved 1179648K
  class space    used 12648K, committed 12928K, reserved 1048576K
}
Event: 22.620 GC heap before
{Heap before GC invocations=37 (full 0):
 garbage-first heap   total 165888K, used 130358K [0x0000000700000000, 0x0000000800000000)
  region size 2048K, 28 young (57344K), 4 survivors (8192K)
 Metaspace       used 93945K, committed 94784K, reserved 1179648K
  class space    used 12839K, committed 13184K, reserved 1048576K
}
Event: 22.632 GC heap after
{Heap after GC invocations=38 (full 0):
 garbage-first heap   total 165888K, used 93646K [0x0000000700000000, 0x0000000800000000)
  region size 2048K, 4 young (8192K), 4 survivors (8192K)
 Metaspace       used 93945K, committed 94784K, reserved 1179648K
  class space    used 12839K, committed 13184K, reserved 1048576K
}
Event: 23.568 GC heap before
{Heap before GC invocations=39 (full 0):
 garbage-first heap   total 167936K, used 130510K [0x0000000700000000, 0x0000000800000000)
  region size 2048K, 22 young (45056K), 4 survivors (8192K)
 Metaspace       used 97416K, committed 98176K, reserved 1179648K
  class space    used 13422K, committed 13760K, reserved 1048576K
}
Event: 23.578 GC heap after
{Heap after GC invocations=40 (full 0):
 garbage-first heap   total 167936K, used 98123K [0x0000000700000000, 0x0000000800000000)
  region size 2048K, 2 young (4096K), 2 survivors (4096K)
 Metaspace       used 97416K, committed 98176K, reserved 1179648K
  class space    used 13422K, committed 13760K, reserved 1048576K
}
Event: 24.340 GC heap before
{Heap before GC invocations=40 (full 0):
 garbage-first heap   total 167936K, used 130891K [0x0000000700000000, 0x0000000800000000)
  region size 2048K, 18 young (36864K), 2 survivors (4096K)
 Metaspace       used 101220K, committed 102016K, reserved 1179648K
  class space    used 13890K, committed 14208K, reserved 1048576K
}
Event: 24.347 GC heap after
{Heap after GC invocations=41 (full 0):
 garbage-first heap   total 167936K, used 101476K [0x0000000700000000, 0x0000000800000000)
  region size 2048K, 2 young (4096K), 2 survivors (4096K)
 Metaspace       used 101220K, committed 102016K, reserved 1179648K
  class space    used 13890K, committed 14208K, reserved 1048576K
}
Event: 25.075 GC heap before
{Heap before GC invocations=42 (full 0):
 garbage-first heap   total 182272K, used 132196K [0x0000000700000000, 0x0000000800000000)
  region size 2048K, 18 young (36864K), 2 survivors (4096K)
 Metaspace       used 102632K, committed 103424K, reserved 1179648K
  class space    used 14091K, committed 14400K, reserved 1048576K
}
Event: 25.081 GC heap after
{Heap after GC invocations=43 (full 0):
 garbage-first heap   total 182272K, used 105122K [0x0000000700000000, 0x0000000800000000)
  region size 2048K, 2 young (4096K), 2 survivors (4096K)
 Metaspace       used 102632K, committed 103424K, reserved 1179648K
  class space    used 14091K, committed 14400K, reserved 1048576K
}
Event: 25.109 GC heap before
{Heap before GC invocations=43 (full 0):
 garbage-first heap   total 182272K, used 109218K [0x0000000700000000, 0x0000000800000000)
  region size 2048K, 4 young (8192K), 2 survivors (4096K)
 Metaspace       used 102697K, committed 103424K, reserved 1179648K
  class space    used 14103K, committed 14400K, reserved 1048576K
}
Event: 25.113 GC heap after
{Heap after GC invocations=44 (full 0):
 garbage-first heap   total 182272K, used 105558K [0x0000000700000000, 0x0000000800000000)
  region size 2048K, 1 young (2048K), 1 survivors (2048K)
 Metaspace       used 102697K, committed 103424K, reserved 1179648K
  class space    used 14103K, committed 14400K, reserved 1048576K
}
Event: 26.101 GC heap before
{Heap before GC invocations=44 (full 0):
 garbage-first heap   total 182272K, used 144470K [0x0000000700000000, 0x0000000800000000)
  region size 2048K, 21 young (43008K), 1 survivors (2048K)
 Metaspace       used 105543K, committed 106432K, reserved 1179648K
  class space    used 14423K, committed 14784K, reserved 1048576K
}
Event: 26.110 GC heap after
{Heap after GC invocations=45 (full 0):
 garbage-first heap   total 243712K, used 110034K [0x0000000700000000, 0x0000000800000000)
  region size 2048K, 3 young (6144K), 3 survivors (6144K)
 Metaspace       used 105543K, committed 106432K, reserved 1179648K
  class space    used 14423K, committed 14784K, reserved 1048576K
}
Event: 56.606 GC heap before
{Heap before GC invocations=46 (full 0):
 garbage-first heap   total 243712K, used 191954K [0x0000000700000000, 0x0000000800000000)
  region size 2048K, 44 young (90112K), 3 survivors (6144K)
 Metaspace       used 107911K, committed 108736K, reserved 1179648K
  class space    used 14778K, committed 15168K, reserved 1048576K
}
Event: 56.821 GC heap after
{Heap after GC invocations=47 (full 0):
 garbage-first heap   total 243712K, used 115377K [0x0000000700000000, 0x0000000800000000)
  region size 2048K, 6 young (12288K), 6 survivors (12288K)
 Metaspace       used 107911K, committed 108736K, reserved 1179648K
  class space    used 14778K, committed 15168K, reserved 1048576K
}
Event: 57.195 GC heap before
{Heap before GC invocations=47 (full 0):
 garbage-first heap   total 243712K, used 117425K [0x0000000700000000, 0x0000000800000000)
  region size 2048K, 7 young (14336K), 6 survivors (12288K)
 Metaspace       used 108013K, committed 108864K, reserved 1179648K
  class space    used 14803K, committed 15168K, reserved 1048576K
}
Event: 57.498 GC heap after
{Heap after GC invocations=48 (full 0):
 garbage-first heap   total 243712K, used 116172K [0x0000000700000000, 0x0000000800000000)
  region size 2048K, 1 young (2048K), 1 survivors (2048K)
 Metaspace       used 108013K, committed 108864K, reserved 1179648K
  class space    used 14803K, committed 15168K, reserved 1048576K
}
Event: 60.328 GC heap before
{Heap before GC invocations=48 (full 0):
 garbage-first heap   total 243712K, used 134604K [0x0000000700000000, 0x0000000800000000)
  region size 2048K, 11 young (22528K), 1 survivors (2048K)
 Metaspace       used 109140K, committed 110016K, reserved 1179648K
  class space    used 14919K, committed 15296K, reserved 1048576K
}
Event: 60.382 GC heap after
{Heap after GC invocations=49 (full 0):
 garbage-first heap   total 243712K, used 117758K [0x0000000700000000, 0x0000000800000000)
  region size 2048K, 2 young (4096K), 2 survivors (4096K)
 Metaspace       used 109140K, committed 110016K, reserved 1179648K
  class space    used 14919K, committed 15296K, reserved 1048576K
}

