# JRE version: OpenJDK Runtime Environment (17.0.11) (build 17.0.11+0--11852314)
# Java VM: OpenJDK 64-Bit Server VM (17.0.11+0--11852314, mixed mode, tiered, compressed oops, compressed class ptrs, g1 gc, windows-amd64)
GC Precious Log:
 CPUs: 16 total, 16 available
 Memory: 7528M
 Large Page Support: Disabled
 NUMA Support: Disabled
 Compressed Oops: Enabled (Zero based)
 Heap Region Size: 2M
 Heap Min Capacity: 8M
 Heap Initial Capacity: 118M
 Heap Max Capacity: 4G
 Pre-touch: Disabled
 Parallel Workers: 13
 Concurrent Workers: 3
 Concurrent Refinement Workers: 13
 Periodic GC: Disabled
Heap:
 garbage-first heap   total 92160K, used 63811K [0x0000000700000000, 0x0000000800000000)
  region size 2048K, 19 young (38912K), 1 survivors (2048K)
 Metaspace       used 48660K, committed 49152K, reserved 1114112K
  class space    used 6439K, committed 6656K, reserved 1048576K
GC Heap History (18 events):
Event: 1.133 GC heap before
{Heap before GC invocations=0 (full 0):
 garbage-first heap   total 120832K, used 26624K [0x0000000700000000, 0x0000000800000000)
  region size 2048K, 11 young (22528K), 0 survivors (0K)
 Metaspace       used 10265K, committed 10432K, reserved 1114112K
  class space    used 1060K, committed 1152K, reserved 1048576K
}
Event: 1.142 GC heap after
{Heap after GC invocations=1 (full 0):
 garbage-first heap   total 120832K, used 10000K [0x0000000700000000, 0x0000000800000000)
  region size 2048K, 2 young (4096K), 2 survivors (4096K)
 Metaspace       used 10265K, committed 10432K, reserved 1114112K
  class space    used 1060K, committed 1152K, reserved 1048576K
}
Event: 1.878 GC heap before
{Heap before GC invocations=1 (full 0):
 garbage-first heap   total 120832K, used 32528K [0x0000000700000000, 0x0000000800000000)
  region size 2048K, 14 young (28672K), 2 survivors (4096K)
 Metaspace       used 11263K, committed 11456K, reserved 1114112K
  class space    used 1165K, committed 1280K, reserved 1048576K
}
Event: 1.886 GC heap after
{Heap after GC invocations=2 (full 0):
 garbage-first heap   total 120832K, used 10951K [0x0000000700000000, 0x0000000800000000)
  region size 2048K, 1 young (2048K), 1 survivors (2048K)
 Metaspace       used 11263K, committed 11456K, reserved 1114112K
  class space    used 1165K, committed 1280K, reserved 1048576K
}
Event: 5.057 GC heap before
{Heap before GC invocations=2 (full 0):
 garbage-first heap   total 120832K, used 58055K [0x0000000700000000, 0x0000000800000000)
  region size 2048K, 25 young (51200K), 1 survivors (2048K)
 Metaspace       used 21283K, committed 21504K, reserved 1114112K
  class space    used 2528K, committed 2624K, reserved 1048576K
}
Event: 5.067 GC heap after
{Heap after GC invocations=3 (full 0):
 garbage-first heap   total 120832K, used 18597K [0x0000000700000000, 0x0000000800000000)
  region size 2048K, 5 young (10240K), 5 survivors (10240K)
 Metaspace       used 21283K, committed 21504K, reserved 1114112K
  class space    used 2528K, committed 2624K, reserved 1048576K
}
Event: 6.310 GC heap before
{Heap before GC invocations=4 (full 0):
 garbage-first heap   total 75776K, used 57509K [0x0000000700000000, 0x0000000800000000)
  region size 2048K, 25 young (51200K), 5 survivors (10240K)
 Metaspace       used 28117K, committed 28416K, reserved 1114112K
  class space    used 3696K, committed 3840K, reserved 1048576K
}
Event: 6.319 GC heap after
{Heap after GC invocations=5 (full 0):
 garbage-first heap   total 75776K, used 21305K [0x0000000700000000, 0x0000000800000000)
  region size 2048K, 2 young (4096K), 2 survivors (4096K)
 Metaspace       used 28117K, committed 28416K, reserved 1114112K
  class space    used 3696K, committed 3840K, reserved 1048576K
}
Event: 7.151 GC heap before
{Heap before GC invocations=5 (full 0):
 garbage-first heap   total 75776K, used 52025K [0x0000000700000000, 0x0000000800000000)
  region size 2048K, 17 young (34816K), 2 survivors (4096K)
 Metaspace       used 32399K, committed 32704K, reserved 1114112K
  class space    used 4379K, committed 4544K, reserved 1048576K
}
Event: 7.155 GC heap after
{Heap after GC invocations=6 (full 0):
 garbage-first heap   total 75776K, used 22437K [0x0000000700000000, 0x0000000800000000)
  region size 2048K, 2 young (4096K), 2 survivors (4096K)
 Metaspace       used 32399K, committed 32704K, reserved 1114112K
  class space    used 4379K, committed 4544K, reserved 1048576K
}
Event: 7.598 GC heap before
{Heap before GC invocations=6 (full 0):
 garbage-first heap   total 75776K, used 36773K [0x0000000700000000, 0x0000000800000000)
  region size 2048K, 10 young (20480K), 2 survivors (4096K)
 Metaspace       used 35702K, committed 35968K, reserved 1114112K
  class space    used 4752K, committed 4864K, reserved 1048576K
}
Event: 7.606 GC heap after
{Heap after GC invocations=7 (full 0):
 garbage-first heap   total 75776K, used 24000K [0x0000000700000000, 0x0000000800000000)
  region size 2048K, 2 young (4096K), 2 survivors (4096K)
 Metaspace       used 35702K, committed 35968K, reserved 1114112K
  class space    used 4752K, committed 4864K, reserved 1048576K
}
Event: 8.385 GC heap before
{Heap before GC invocations=8 (full 0):
 garbage-first heap   total 75776K, used 54720K [0x0000000700000000, 0x0000000800000000)
  region size 2048K, 17 young (34816K), 2 survivors (4096K)
 Metaspace       used 40118K, committed 40448K, reserved 1114112K
  class space    used 5259K, committed 5376K, reserved 1048576K
}
Event: 8.393 GC heap after
{Heap after GC invocations=9 (full 0):
 garbage-first heap   total 75776K, used 27521K [0x0000000700000000, 0x0000000800000000)
  region size 2048K, 3 young (6144K), 3 survivors (6144K)
 Metaspace       used 40118K, committed 40448K, reserved 1114112K
  class space    used 5259K, committed 5376K, reserved 1048576K
}
Event: 8.876 GC heap before
{Heap before GC invocations=9 (full 0):
 garbage-first heap   total 75776K, used 56193K [0x0000000700000000, 0x0000000800000000)
  region size 2048K, 17 young (34816K), 3 survivors (6144K)
 Metaspace       used 42109K, committed 42368K, reserved 1114112K
  class space    used 5456K, committed 5568K, reserved 1048576K
}
Event: 8.883 GC heap after
{Heap after GC invocations=10 (full 0):
 garbage-first heap   total 75776K, used 29274K [0x0000000700000000, 0x0000000800000000)
  region size 2048K, 3 young (6144K), 3 survivors (6144K)
 Metaspace       used 42109K, committed 42368K, reserved 1114112K
  class space    used 5456K, committed 5568K, reserved 1048576K
}
Event: 9.520 GC heap before
{Heap before GC invocations=10 (full 0):
 garbage-first heap   total 75776K, used 55898K [0x0000000700000000, 0x0000000800000000)
  region size 2048K, 16 young (32768K), 3 survivors (6144K)
 Metaspace       used 43885K, committed 44352K, reserved 1114112K
  class space    used 5741K, committed 5952K, reserved 1048576K
}
Event: 9.526 GC heap after
{Heap after GC invocations=11 (full 0):
 garbage-first heap   total 92160K, used 31043K [0x0000000700000000, 0x0000000800000000)
  region size 2048K, 1 young (2048K), 1 survivors (2048K)
 Metaspace       used 43885K, committed 44352K, reserved 1114112K
  class space    used 5741K, committed 5952K, reserved 1048576K
}

